[17:43:12] [main/WARN] (FabricLoader/Knot) Class path entries reference missing files: C:\Users\ivana\Documents\Projects\minecraft_mod\AxolotlV1\build\classes\java\client, C:\Users\ivana\Documents\Projects\minecraft_mod\AxolotlV1\build\classes\java\main - the game may not load properly!
[17:43:12] [main/INFO] (FabricLoader/GameProvider) Loading Minecraft 1.21.5 with Fabric Loader 0.17.2
[17:43:13] [main/INFO] (FabricLoader) Loading 61 mods:
	- authme 9.0.1+1.21.5
	   \-- resourcefulconfig 3.5.0
	- axolotlv1 1.0-SNAPSHOT
	- cloth-basic-math 0.6.1
	- cloth-config 18.0.145
	- fabric-api 0.128.2+1.21.5
	- fabric-api-base 0.4.62+73a52b4b49
	- fabric-api-lookup-api-v1 1.6.96+86c3a9f149
	- fabric-biome-api-v1 16.0.7+2dd063df49
	- fabric-block-api-v1 1.1.0+ed91556f49
	- fabric-block-view-api-v2 1.0.26+aa6d566c49
	- fabric-blockrenderlayer-v1 2.0.16+86c3a9f149
	- fabric-client-gametest-api-v1 4.2.0+dac2d6e349
	- fabric-client-tags-api-v1 1.1.37+86c3a9f149
	- fabric-command-api-v1 1.2.70+f71b366f49
	- fabric-command-api-v2 2.2.49+73a52b4b49
	- fabric-commands-v0 0.2.87+df3654b349
	- fabric-content-registries-v0 10.0.14+3e6c1f7d49
	- fabric-convention-tags-v1 2.1.33+7f945d5b49
	- fabric-convention-tags-v2 2.15.2+6d9989f349
	- fabric-crash-report-info-v1 0.3.12+86c3a9f149
	- fabric-data-attachment-api-v1 1.8.5+6d9989f349
	- fabric-data-generation-api-v1 22.5.2+a0fab30c49
	- fabric-dimensions-v1 4.0.17+3e6c1f7d49
	- fabric-entity-events-v1 2.1.0+3ce7866349
	- fabric-events-interaction-v0 4.0.15+64e3057949
	- fabric-game-rule-api-v1 1.0.70+c327076a49
	- fabric-gametest-api-v1 3.1.3+2a6ec84b49
	- fabric-item-api-v1 11.5.0+0620fe4749
	- fabric-item-group-api-v1 4.2.9+3459fc6149
	- fabric-key-binding-api-v1 1.0.63+ecf51cdc49
	- fabric-keybindings-v0 0.2.61+df3654b349
	- fabric-language-kotlin 1.13.5+kotlin.2.2.10
	- fabric-lifecycle-events-v1 2.6.0+230071a049
	- fabric-loot-api-v2 3.0.48+3f89f5a549
	- fabric-loot-api-v3 1.0.36+86c3a9f149
	- fabric-message-api-v1 6.1.0+fe971bba49
	- fabric-model-loading-api-v1 5.2.3+5281b90749
	- fabric-networking-api-v1 4.5.0+775be32c49
	- fabric-object-builder-api-v1 21.1.2+b8d6ba7049
	- fabric-particles-v1 4.1.2+112e550e49
	- fabric-recipe-api-v1 8.1.8+3235ab3249
	- fabric-registry-sync-v0 6.1.22+cd64004349
	- fabric-renderer-api-v1 6.1.2+bdf4842249
	- fabric-renderer-indigo 3.1.2+5281b90749
	- fabric-rendering-data-attachment-v1 0.3.64+73761d2e49
	- fabric-rendering-fluids-v1 3.1.27+86c3a9f149
	- fabric-rendering-v1 11.3.0+a272b33849
	- fabric-resource-conditions-api-v1 5.0.21+73a52b4b49
	- fabric-resource-loader-v0 3.1.7+847e5f5c49
	- fabric-screen-api-v1 2.0.46+86c3a9f149
	- fabric-screen-handler-api-v1 1.3.129+c327076a49
	- fabric-sound-api-v1 1.0.38+86c3a9f149
	- fabric-tag-api-v1 1.0.17+ecf51cdc49
	- fabric-transfer-api-v1 5.4.24+7b20cbb049
	- fabric-transitive-access-wideners-v1 6.3.17+f17a180c49
	- fabricloader 0.17.2
	- java 21
	- minecraft 1.21.5
	- mixinextras 0.5.0
	- modmenu 14.0.0-rc.2
